WettyCat/Library/Bee/Android/Prj/Mono2x/Gradle/unityLibrary/build/intermediates/manifest_merge_blame_file/release/manifest-merger-blame-release-report.txt
1<?xml version="1.0" encoding="utf-8"?>
2<manifest xmlns:android="http://schemas.android.com/apk/res/android"
3    xmlns:tools="http://schemas.android.com/tools"
4    package="com.unity3d.player"
5    android:versionCode="1"
6    android:versionName="1.0" >
7
8    <uses-sdk
9        android:minSdkVersion="22"
9-->src\main\AndroidManifest.xml
10        android:targetSdkVersion="30" />
10-->src\main\AndroidManifest.xml
11
12    <uses-feature android:glEsVersion="0x00030000" />
12-->src\main\AndroidManifest.xml:19:3-52
12-->src\main\AndroidManifest.xml:19:17-49
13    <uses-feature
13-->src\main\AndroidManifest.xml:20:3-91
14        android:name="android.hardware.vulkan.version"
14-->src\main\AndroidManifest.xml:20:17-63
15        android:required="false" />
15-->src\main\AndroidManifest.xml:20:64-88
16
17    <uses-permission android:name="android.permission.INTERNET" />
17-->src\main\AndroidManifest.xml:21:3-65
17-->src\main\AndroidManifest.xml:21:20-62
18    <uses-permission android:name="android.permission.ACCESS_NETWORK_STATE" />
18-->src\main\AndroidManifest.xml:22:3-77
18-->src\main\AndroidManifest.xml:22:20-74
19
20    <uses-feature
20-->src\main\AndroidManifest.xml:23:3-88
21        android:name="android.hardware.touchscreen"
21-->src\main\AndroidManifest.xml:23:17-60
22        android:required="false" />
22-->src\main\AndroidManifest.xml:23:61-85
23    <uses-feature
23-->src\main\AndroidManifest.xml:24:3-99
24        android:name="android.hardware.touchscreen.multitouch"
24-->src\main\AndroidManifest.xml:24:17-71
25        android:required="false" />
25-->src\main\AndroidManifest.xml:24:72-96
26    <uses-feature
26-->src\main\AndroidManifest.xml:25:3-108
27        android:name="android.hardware.touchscreen.multitouch.distinct"
27-->src\main\AndroidManifest.xml:25:17-80
28        android:required="false" />
28-->src\main\AndroidManifest.xml:25:81-105
29
30    <application android:extractNativeLibs="true" >
30-->src\main\AndroidManifest.xml:3:3-18:17
30-->src\main\AndroidManifest.xml:3:16-48
31        <activity
31-->src\main\AndroidManifest.xml:4:5-12:16
32            android:name="com.unity3d.player.UnityPlayerActivity"
32-->src\main\AndroidManifest.xml:4:15-68
33            android:configChanges="mcc|mnc|locale|touchscreen|keyboard|keyboardHidden|navigation|orientation|screenLayout|uiMode|screenSize|smallestScreenSize|fontScale|layoutDirection|density"
33-->src\main\AndroidManifest.xml:4:211-392
34            android:hardwareAccelerated="false"
34-->src\main\AndroidManifest.xml:4:427-462
35            android:launchMode="singleTask"
35-->src\main\AndroidManifest.xml:4:149-180
36            android:maxAspectRatio="1.86"
36-->src\main\AndroidManifest.xml:4:181-210
37            android:resizeableActivity="true"
37-->src\main\AndroidManifest.xml:4:393-426
38            android:screenOrientation="landscape"
38-->src\main\AndroidManifest.xml:4:111-148
39            android:theme="@style/UnityThemeSelector" >
39-->src\main\AndroidManifest.xml:4:69-110
40            <intent-filter>
40-->src\main\AndroidManifest.xml:5:7-8:23
41                <action android:name="android.intent.action.MAIN" />
41-->src\main\AndroidManifest.xml:6:9-61
41-->src\main\AndroidManifest.xml:6:17-58
42
43                <category android:name="android.intent.category.LAUNCHER" />
43-->src\main\AndroidManifest.xml:7:9-69
43-->src\main\AndroidManifest.xml:7:19-66
44            </intent-filter>
45
46            <meta-data
46-->src\main\AndroidManifest.xml:9:7-82
47                android:name="unityplayer.UnityActivity"
47-->src\main\AndroidManifest.xml:9:18-58
48                android:value="true" />
48-->src\main\AndroidManifest.xml:9:59-79
49            <meta-data
49-->src\main\AndroidManifest.xml:10:7-130
50                android:name="WindowManagerPreference:FreeformWindowSize"
50-->src\main\AndroidManifest.xml:10:18-75
51                android:value="@string/FreeformWindowSize_maximize" />
51-->src\main\AndroidManifest.xml:10:76-127
52            <meta-data
52-->src\main\AndroidManifest.xml:11:7-145
53                android:name="WindowManagerPreference:FreeformWindowOrientation"
53-->src\main\AndroidManifest.xml:11:18-82
54                android:value="@string/FreeformWindowOrientation_landscape" />
54-->src\main\AndroidManifest.xml:11:83-142
55        </activity>
56
57        <meta-data
57-->src\main\AndroidManifest.xml:13:5-69
58            android:name="unity.splash-mode"
58-->src\main\AndroidManifest.xml:13:16-48
59            android:value="0" />
59-->src\main\AndroidManifest.xml:13:49-66
60        <meta-data
60-->src\main\AndroidManifest.xml:14:5-74
61            android:name="unity.splash-enable"
61-->src\main\AndroidManifest.xml:14:16-50
62            android:value="True" />
62-->src\main\AndroidManifest.xml:14:51-71
63        <meta-data
63-->src\main\AndroidManifest.xml:15:5-78
64            android:name="unity.launch-fullscreen"
64-->src\main\AndroidManifest.xml:15:16-54
65            android:value="True" />
65-->src\main\AndroidManifest.xml:15:55-75
66        <meta-data
66-->src\main\AndroidManifest.xml:16:5-83
67            android:name="unity.allow-resizable-window"
67-->src\main\AndroidManifest.xml:16:16-59
68            android:value="True" />
68-->src\main\AndroidManifest.xml:16:60-80
69        <meta-data
69-->src\main\AndroidManifest.xml:17:5-73
70            android:name="android.max_aspect"
70-->src\main\AndroidManifest.xml:17:16-49
71            android:value="1.86" />
71-->src\main\AndroidManifest.xml:17:50-70
72    </application>
73
74</manifest>